<?xml version="1.0" encoding="UTF-8"?>
<!-- Generated by org.testng.reporters.JUnitXMLReporter -->
<testsuite ignored="0" hostname="LAPTOP-ODIG1B3S" failures="0" tests="3" name="Default test" time="4.553" errors="0" timestamp="2023-03-19T06:58:30 MDT">
  <testcase classname="Assignment.NOPCommerce" name="NavigatetoPage" time="1.962"/>
  <testcase classname="Assignment.NOPCommerce" name="LogIn" time="1.699"/>
  <testcase classname="Assignment.NOPCommerce" name="DashboardOrders" time="0.853"/>
</testsuite> <!-- Default test -->
