<?xml version="1.0" encoding="UTF-8"?>
<!-- Generated by org.testng.reporters.JUnitXMLReporter -->
<testsuite ignored="0" hostname="LAPTOP-ODIG1B3S" failures="0" tests="3" name="Classes" time="5.969" errors="0" timestamp="2023-03-19T07:36:41 MDT">
  <testcase classname="Assignment.NOPCommerce" name="NavigatetoPage" time="2.404"/>
  <testcase classname="Assignment.NOPCommerce" name="LogIn" time="2.067"/>
  <testcase classname="Assignment.NOPCommerce" name="DashboardOrders" time="1.46"/>
</testsuite> <!-- Classes -->
